#
# A fatal error has been detected by the Java Runtime Environment:
#
#  EXCEPTION_ACCESS_VIOLATION (0xc0000005) at pc=0x0000000000000000, pid=2564, tid=7052
#
# JRE version: Java(TM) SE Runtime Environment (8.0_25-b18) (build 1.8.0_25-b18)
# Java VM: Java HotSpot(TM) 64-Bit Server VM (25.25-b02 mixed mode windows-amd64 compressed oops)
# Problematic frame:
# C  0x0000000000000000
#
# Failed to write core dump. Minidumps are not enabled by default on client versions of Windows
#
# If you would like to submit a bug report, please visit:
#   http://bugreport.sun.com/bugreport/crash.jsp
# The crash happened outside the Java Virtual Machine in native code.
# See problematic frame for where to report the bug.
#

---------------  T H R E A D  ---------------

Current thread (0x000000001ef06000):  JavaThread "LWJGL Application" [_thread_in_native, id=7052, stack(0x000000001fe60000,0x000000001ff60000)]

siginfo: ExceptionCode=0xc0000005, ExceptionInformation=0x0000000000000008 0x0000000000000000

Registers:
RAX=0x000000001fba21f0, RBX=0x000000001fb9a1d0, RCX=0x000000001fb96140, RDX=0x000000001fb68980
RSP=0x000000001ff5ed48, RBP=0x000000001fb68980, RSI=0x000000001ff5ee10, RDI=0x000000001fb68980
R8 =0x000000001fb96220, R9 =0x000000001ff5ee10, R10=0x00000000026d5b48, R11=0x0000000060422810
R12=0x0000000000000000, R13=0x000000001bc414b8, R14=0x000000001ff5ef88, R15=0x000000001ef06000
RIP=0x0000000000000000, EFLAGS=0x0000000000010206

Top of Stack: (sp=0x000000001ff5ed48)
0x000000001ff5ed48:   0000000066be047c 0000000000200021
0x000000001ff5ed58:   0000000000000000 00000000026c7540
0x000000001ff5ed68:   000000001fb96220 000000001b640470
0x000000001ff5ed78:   000000001fb96220 000000001fb9a1d0
0x000000001ff5ed88:   000000001fb68980 000000001ff5ee10
0x000000001ff5ed98:   0000000066bdf2d9 000000076c807d58
0x000000001ff5eda8:   000000001ff5eda8 000000001bc47521
0x000000001ff5edb8:   000000001ff5edf8 000000001bc47598
0x000000001ff5edc8:   000000001bc414b8 000000001b640470
0x000000001ff5edd8:   0000000000031140 000000001ff5ef10
0x000000001ff5ede8:   0000000066be64bd 00000000026c7a2d
0x000000001ff5edf8:   000000076c807e00 000000076c807e00
0x000000001ff5ee08:   000000076c807bc0 000000001fb96140
0x000000001ff5ee18:   0000000000000000 000000003f000000
0x000000001ff5ee28:   0001000040200000 f9e7c9410000ffff
0x000000001ff5ee38:   000000001bc411e8 f9e7c941668e2ad9 

Instructions: (pc=0x0000000000000000)
0xffffffffffffffe0:   


Register to memory mapping:

RAX=0x000000001fba21f0 is an unknown value
RBX=0x000000001fb9a1d0 is an unknown value
RCX=0x000000001fb96140 is an unknown value
RDX=0x000000001fb68980 is an unknown value
RSP=0x000000001ff5ed48 is pointing into the stack for thread: 0x000000001ef06000
RBP=0x000000001fb68980 is an unknown value
RSI=0x000000001ff5ee10 is pointing into the stack for thread: 0x000000001ef06000
RDI=0x000000001fb68980 is an unknown value
R8 =0x000000001fb96220 is an unknown value
R9 =0x000000001ff5ee10 is pointing into the stack for thread: 0x000000001ef06000
R10=0x00000000026d5b48 is at code_begin+840 in an Interpreter codelet
method entry point (kind = native)  [0x00000000026d5800, 0x00000000026d6160]  2400 bytes
R11=0x0000000060422810 is an unknown value
R12=0x0000000000000000 is an unknown value
R13={method} {0x000000001bc414c0} 'jniCreateFixture' '(JJFFFZSSS)J' in 'com/badlogic/gdx/physics/box2d/Body'
R14=0x000000001ff5ef88 is pointing into the stack for thread: 0x000000001ef06000
R15=0x000000001ef06000 is a thread


Stack: [0x000000001fe60000,0x000000001ff60000],  sp=0x000000001ff5ed48,  free space=1019k
Native frames: (J=compiled Java code, j=interpreted, Vv=VM code, C=native code)

Java frames: (J=compiled Java code, j=interpreted, Vv=VM code)
j  com.badlogic.gdx.physics.box2d.Body.jniCreateFixture(JJFFFZSSS)J+0
j  com.badlogic.gdx.physics.box2d.Body.createFixture(Lcom/badlogic/gdx/physics/box2d/FixtureDef;)Lcom/badlogic/gdx/physics/box2d/Fixture;+49
j  com.yoyo.dookin.Splash.show()V+236
j  com.badlogic.gdx.Game.setScreen(Lcom/badlogic/gdx/Screen;)V+32
j  com.yoyo.dookin.GameProject.create()V+9
j  com.badlogic.gdx.backends.lwjgl.LwjglApplication.mainLoop()V+29
j  com.badlogic.gdx.backends.lwjgl.LwjglApplication$1.run()V+27
v  ~StubRoutines::call_stub

---------------  P R O C E S S  ---------------

Java Threads: ( => current thread )
  0x000000000237e800 JavaThread "DestroyJavaVM" [_thread_blocked, id=3404, stack(0x00000000024c0000,0x00000000025c0000)]
=>0x000000001ef06000 JavaThread "LWJGL Application" [_thread_in_native, id=7052, stack(0x000000001fe60000,0x000000001ff60000)]
  0x000000001e0d1000 JavaThread "Service Thread" daemon [_thread_blocked, id=5892, stack(0x000000001ea10000,0x000000001eb10000)]
  0x000000001e04d000 JavaThread "C1 CompilerThread3" daemon [_thread_blocked, id=3368, stack(0x000000001e910000,0x000000001ea10000)]
  0x000000001e043000 JavaThread "C2 CompilerThread2" daemon [_thread_blocked, id=172, stack(0x000000001e810000,0x000000001e910000)]
  0x000000001e03f000 JavaThread "C2 CompilerThread1" daemon [_thread_blocked, id=2032, stack(0x000000001e710000,0x000000001e810000)]
  0x000000001e03c000 JavaThread "C2 CompilerThread0" daemon [_thread_blocked, id=7136, stack(0x000000001e610000,0x000000001e710000)]
  0x000000001e036800 JavaThread "Attach Listener" daemon [_thread_blocked, id=6380, stack(0x000000001e510000,0x000000001e610000)]
  0x000000001e036000 JavaThread "Signal Dispatcher" daemon [_thread_blocked, id=2688, stack(0x000000001e410000,0x000000001e510000)]
  0x00000000026b7000 JavaThread "Finalizer" daemon [_thread_blocked, id=1068, stack(0x000000001df10000,0x000000001e010000)]
  0x000000001c02c800 JavaThread "Reference Handler" daemon [_thread_blocked, id=4144, stack(0x000000001de10000,0x000000001df10000)]

Other Threads:
  0x000000001c028800 VMThread [stack: 0x000000001dd10000,0x000000001de10000] [id=2276]
  0x000000001e0db000 WatcherThread [stack: 0x000000001eb10000,0x000000001ec10000] [id=4984]

VM state:not at safepoint (normal execution)

VM Mutex/Monitor currently owned by a thread: None

Heap:
 PSYoungGen      total 75776K, used 14518K [0x000000076ba00000, 0x0000000770e80000, 0x00000007c0000000)
  eden space 65024K, 22% used [0x000000076ba00000,0x000000076c82d880,0x000000076f980000)
  from space 10752K, 0% used [0x0000000770400000,0x0000000770400000,0x0000000770e80000)
  to   space 10752K, 0% used [0x000000076f980000,0x000000076f980000,0x0000000770400000)
 ParOldGen       total 173568K, used 0K [0x00000006c2e00000, 0x00000006cd780000, 0x000000076ba00000)
  object space 173568K, 0% used [0x00000006c2e00000,0x00000006c2e00000,0x00000006cd780000)
 Metaspace       used 6402K, capacity 6915K, committed 7168K, reserved 1056768K
  class space    used 605K, capacity 656K, committed 768K, reserved 1048576K

Card table byte_map: [0x0000000011a80000,0x0000000012270000] byte_map_base: 0x000000000e469000

Marking Bits: (ParMarkBitMap*) 0x00000000609ed490
 Begin Bits: [0x0000000012fc0000, 0x0000000016f08000)
 End Bits:   [0x0000000016f08000, 0x000000001ae50000)

Polling page: 0x0000000002350000

CodeCache: size=245760Kb used=2133Kb max_used=2139Kb free=243626Kb
 bounds [0x00000000026c0000, 0x0000000002930000, 0x00000000116c0000]
 total_blobs=888 nmethods=422 adapters=380
 compilation: enabled

Compilation events (10 events):
Event: 0.743 Thread 0x000000001e04d000  418   !   3       java.lang.ClassLoader::getPackage (118 bytes)
Event: 0.744 Thread 0x000000001e04d000 nmethod 418 0x00000000028d2390 code [0x00000000028d25a0, 0x00000000028d32f8]
Event: 0.745 Thread 0x000000001e04d000  419  s    3       java.util.Vector::addElement (38 bytes)
Event: 0.746 Thread 0x000000001e04d000 nmethod 419 0x00000000028d3890 code [0x00000000028d3a20, 0x00000000028d3f48]
Event: 0.746 Thread 0x000000001e03c000  420       4       java.lang.AbstractStringBuilder::append (50 bytes)
Event: 0.751 Thread 0x000000001e03c000 nmethod 420 0x00000000028d7150 code [0x00000000028d72a0, 0x00000000028d7698]
Event: 0.753 Thread 0x000000001e04d000  421       3       java.util.Vector::elementData (7 bytes)
Event: 0.753 Thread 0x000000001e04d000 nmethod 421 0x00000000028d5f50 code [0x00000000028d60a0, 0x00000000028d6230]
Event: 0.754 Thread 0x000000001e04d000  422       3       java.util.jar.Attributes$Name::hashCode (24 bytes)
Event: 0.755 Thread 0x000000001e04d000 nmethod 422 0x00000000028d5b50 code [0x00000000028d5cc0, 0x00000000028d5ea8]

GC Heap History (0 events):
No events

Deoptimization events (0 events):
No events

Internal exceptions (10 events):
Event: 0.749 Thread 0x000000001ef06000 Exception <a 'java/security/PrivilegedActionException'> (0x000000076c7c2e98) thrown at [D:\re\workspace\8-2-build-windows-amd64-cygwin\jdk8u25\1677\hotspot\src\share\vm\prims\jvm.cpp, line 1312]
Event: 0.749 Thread 0x000000001ef06000 Exception <a 'java/security/PrivilegedActionException'> (0x000000076c7c9370) thrown at [D:\re\workspace\8-2-build-windows-amd64-cygwin\jdk8u25\1677\hotspot\src\share\vm\prims\jvm.cpp, line 1312]
Event: 0.750 Thread 0x000000001ef06000 Exception <a 'java/security/PrivilegedActionException'> (0x000000076c7ce698) thrown at [D:\re\workspace\8-2-build-windows-amd64-cygwin\jdk8u25\1677\hotspot\src\share\vm\prims\jvm.cpp, line 1312]
Event: 0.751 Thread 0x000000001ef06000 Exception <a 'java/security/PrivilegedActionException'> (0x000000076c7d3630) thrown at [D:\re\workspace\8-2-build-windows-amd64-cygwin\jdk8u25\1677\hotspot\src\share\vm\prims\jvm.cpp, line 1312]
Event: 0.752 Thread 0x000000001ef06000 Exception <a 'java/security/PrivilegedActionException'> (0x000000076c7e13b8) thrown at [D:\re\workspace\8-2-build-windows-amd64-cygwin\jdk8u25\1677\hotspot\src\share\vm\prims\jvm.cpp, line 1312]
Event: 0.753 Thread 0x000000001ef06000 Exception <a 'java/security/PrivilegedActionException'> (0x000000076c7e73c8) thrown at [D:\re\workspace\8-2-build-windows-amd64-cygwin\jdk8u25\1677\hotspot\src\share\vm\prims\jvm.cpp, line 1312]
Event: 0.753 Thread 0x000000001ef06000 Exception <a 'java/security/PrivilegedActionException'> (0x000000076c7ec648) thrown at [D:\re\workspace\8-2-build-windows-amd64-cygwin\jdk8u25\1677\hotspot\src\share\vm\prims\jvm.cpp, line 1312]
Event: 0.754 Thread 0x000000001ef06000 Exception <a 'java/security/PrivilegedActionException'> (0x000000076c7f4628) thrown at [D:\re\workspace\8-2-build-windows-amd64-cygwin\jdk8u25\1677\hotspot\src\share\vm\prims\jvm.cpp, line 1312]
Event: 0.755 Thread 0x000000001ef06000 Exception <a 'java/security/PrivilegedActionException'> (0x000000076c7faf60) thrown at [D:\re\workspace\8-2-build-windows-amd64-cygwin\jdk8u25\1677\hotspot\src\share\vm\prims\jvm.cpp, line 1312]
Event: 0.755 Thread 0x000000001ef06000 Exception <a 'java/security/PrivilegedActionException'> (0x000000076c801588) thrown at [D:\re\workspace\8-2-build-windows-amd64-cygwin\jdk8u25\1677\hotspot\src\share\vm\prims\jvm.cpp, line 1312]

Events (10 events):
Event: 0.753 loading class com/badlogic/gdx/physics/box2d/MassData
Event: 0.753 loading class com/badlogic/gdx/physics/box2d/MassData done
Event: 0.753 loading class com/badlogic/gdx/physics/box2d/Fixture
Event: 0.753 loading class com/badlogic/gdx/physics/box2d/Fixture done
Event: 0.754 loading class com/badlogic/gdx/physics/box2d/EdgeShape
Event: 0.754 loading class com/badlogic/gdx/physics/box2d/EdgeShape done
Event: 0.755 loading class com/badlogic/gdx/physics/box2d/PolygonShape
Event: 0.755 loading class com/badlogic/gdx/physics/box2d/PolygonShape done
Event: 0.755 loading class com/badlogic/gdx/physics/box2d/ChainShape
Event: 0.755 loading class com/badlogic/gdx/physics/box2d/ChainShape done


Dynamic libraries:
0x00007ff6a3a30000 - 0x00007ff6a3a64000 	C:\Program Files\Java\jre1.8.0_25\bin\javaw.exe
0x00007ffdd7fb0000 - 0x00007ffdd8156000 	C:\WINDOWS\SYSTEM32\ntdll.dll
0x00007ffdd62f0000 - 0x00007ffdd642a000 	C:\WINDOWS\system32\KERNEL32.DLL
0x00007ffdd55d0000 - 0x00007ffdd56df000 	C:\WINDOWS\system32\KERNELBASE.dll
0x00007ffdd3f30000 - 0x00007ffdd3fb8000 	C:\WINDOWS\system32\apphelp.dll
0x00007ffdc3390000 - 0x00007ffdc33df000 	C:\WINDOWS\AppPatch\AppPatch64\AcGenral.DLL
0x00007ffdd6230000 - 0x00007ffdd62d7000 	C:\WINDOWS\system32\msvcrt.dll
0x00007ffdd5100000 - 0x00007ffdd512b000 	C:\WINDOWS\SYSTEM32\SspiCli.dll
0x00007ffdd5b20000 - 0x00007ffdd5b71000 	C:\WINDOWS\system32\SHLWAPI.dll
0x00007ffdd59a0000 - 0x00007ffdd5b11000 	C:\WINDOWS\system32\USER32.dll
0x00007ffdd5d50000 - 0x00007ffdd5ec8000 	C:\WINDOWS\system32\ole32.dll
0x00007ffdd69c0000 - 0x00007ffdd7dcf000 	C:\WINDOWS\system32\SHELL32.dll
0x00007ffdd4ae0000 - 0x00007ffdd4afe000 	C:\WINDOWS\SYSTEM32\USERENV.dll
0x00007ffdd5be0000 - 0x00007ffdd5c85000 	C:\WINDOWS\system32\ADVAPI32.dll
0x00007ffdc26e0000 - 0x00007ffdc26fb000 	C:\WINDOWS\SYSTEM32\MPR.dll
0x00007ffdd5ed0000 - 0x00007ffdd6007000 	C:\WINDOWS\system32\RPCRT4.dll
0x00007ffdd6950000 - 0x00007ffdd69a7000 	C:\WINDOWS\SYSTEM32\sechost.dll
0x00007ffdd6680000 - 0x00007ffdd6856000 	C:\WINDOWS\SYSTEM32\combase.dll
0x00007ffdd6010000 - 0x00007ffdd6154000 	C:\WINDOWS\system32\GDI32.dll
0x00007ffdd5320000 - 0x00007ffdd5334000 	C:\WINDOWS\SYSTEM32\profapi.dll
0x00007ffdd3920000 - 0x00007ffdd39bf000 	C:\WINDOWS\SYSTEM32\SHCORE.dll
0x00007ffdd6870000 - 0x00007ffdd68a4000 	C:\WINDOWS\system32\IMM32.DLL
0x00007ffdd5850000 - 0x00007ffdd5989000 	C:\WINDOWS\system32\MSCTF.dll
0x00007ffdd3120000 - 0x00007ffdd337a000 	C:\WINDOWS\WinSxS\amd64_microsoft.windows.common-controls_6595b64144ccf1df_6.0.9600.17031_none_6242a4b3ecbb55a1\COMCTL32.dll
0x0000000060090000 - 0x0000000060162000 	C:\Program Files\Java\jre1.8.0_25\bin\msvcr100.dll
0x0000000060210000 - 0x0000000060a6a000 	C:\Program Files\Java\jre1.8.0_25\bin\server\jvm.dll
0x00007ffdd0900000 - 0x00007ffdd0909000 	C:\WINDOWS\SYSTEM32\WSOCK32.dll
0x00007ffdd22a0000 - 0x00007ffdd22bf000 	C:\WINDOWS\SYSTEM32\WINMM.dll
0x00007ffdd69b0000 - 0x00007ffdd69b7000 	C:\WINDOWS\system32\PSAPI.DLL
0x00007ffdd5b80000 - 0x00007ffdd5bd8000 	C:\WINDOWS\system32\WS2_32.dll
0x00007ffdd27c0000 - 0x00007ffdd27ea000 	C:\WINDOWS\SYSTEM32\WINMMBASE.dll
0x00007ffdd5990000 - 0x00007ffdd5999000 	C:\WINDOWS\system32\NSI.dll
0x00007ffdd5730000 - 0x00007ffdd577a000 	C:\WINDOWS\SYSTEM32\cfgmgr32.dll
0x00007ffdd4180000 - 0x00007ffdd41a6000 	C:\WINDOWS\SYSTEM32\DEVOBJ.dll
0x0000000060200000 - 0x000000006020f000 	C:\Program Files\Java\jre1.8.0_25\bin\verify.dll
0x00000000601d0000 - 0x00000000601f8000 	C:\Program Files\Java\jre1.8.0_25\bin\java.dll
0x00000000601b0000 - 0x00000000601c6000 	C:\Program Files\Java\jre1.8.0_25\bin\zip.dll
0x0000000065580000 - 0x0000000065616000 	C:\Users\David\AppData\Local\Temp\libgdxDavid\f5fe0902\gdx64.dll
0x00007ffdd4bf0000 - 0x00007ffdd4c0e000 	C:\WINDOWS\SYSTEM32\CRYPTSP.dll
0x00007ffdd47e0000 - 0x00007ffdd4815000 	C:\WINDOWS\system32\rsaenh.dll
0x00007ffdd4e00000 - 0x00007ffdd4e26000 	C:\WINDOWS\SYSTEM32\bcrypt.dll
0x00007ffdd5130000 - 0x00007ffdd5190000 	C:\WINDOWS\system32\bcryptprimitives.dll
0x00007ffdd5290000 - 0x00007ffdd529a000 	C:\WINDOWS\SYSTEM32\CRYPTBASE.dll
0x0000000060190000 - 0x00000000601aa000 	C:\Program Files\Java\jre1.8.0_25\bin\net.dll
0x00007ffdd4a80000 - 0x00007ffdd4ad8000 	C:\WINDOWS\system32\mswsock.dll
0x00007ffdcee00000 - 0x00007ffdcee29000 	C:\WINDOWS\SYSTEM32\IPHLPAPI.DLL
0x00007ffdced00000 - 0x00007ffdced0a000 	C:\WINDOWS\SYSTEM32\WINNSI.DLL
0x00007ffdce700000 - 0x00007ffdce714000 	C:\WINDOWS\SYSTEM32\dhcpcsvc6.DLL
0x00007ffdce8e0000 - 0x00007ffdce8f9000 	C:\WINDOWS\SYSTEM32\dhcpcsvc.DLL
0x0000000060170000 - 0x0000000060181000 	C:\Program Files\Java\jre1.8.0_25\bin\nio.dll
0x0000000180000000 - 0x0000000180053000 	C:\Users\David\AppData\Local\Temp\libgdxDavid\dc0f0009\lwjgl64.dll
0x00007ffdbc500000 - 0x00007ffdbc621000 	C:\WINDOWS\SYSTEM32\OPENGL32.dll
0x00007ffdd22c0000 - 0x00007ffdd22ca000 	C:\WINDOWS\SYSTEM32\VERSION.dll
0x00007ffdbc890000 - 0x00007ffdbc8bc000 	C:\WINDOWS\SYSTEM32\GLU32.dll
0x00007ffdbc400000 - 0x00007ffdbc4f4000 	C:\WINDOWS\SYSTEM32\DDRAW.dll
0x00007ffdbcb70000 - 0x00007ffdbcb79000 	C:\WINDOWS\SYSTEM32\DCIMAN32.dll
0x000000001f6f0000 - 0x000000001f754000 	C:\Users\David\AppData\Local\Temp\libgdxDavid\dc0f0009\OpenAL64.dll
0x00007ffdd41b0000 - 0x00007ffdd41ba000 	C:\WINDOWS\SYSTEM32\kernel.appcore.dll
0x00007ffdd4000000 - 0x00007ffdd4121000 	C:\WINDOWS\system32\uxtheme.dll
0x00007ffdd65d0000 - 0x00007ffdd6674000 	C:\WINDOWS\SYSTEM32\clbcatq.dll
0x00007ffdc4d60000 - 0x00007ffdc4de7000 	C:\WINDOWS\SYSTEM32\dsound.dll
0x00007ffdd52c0000 - 0x00007ffdd5305000 	C:\WINDOWS\SYSTEM32\POWRPROF.dll
0x00007ffdd2730000 - 0x00007ffdd2792000 	C:\WINDOWS\System32\MMDevApi.dll
0x00007ffdcd2c0000 - 0x00007ffdcd33e000 	C:\WINDOWS\SYSTEM32\AUDIOSES.DLL
0x00007ffdd6160000 - 0x00007ffdd6221000 	C:\WINDOWS\system32\OLEAUT32.dll
0x00007ffdd3750000 - 0x00007ffdd3770000 	C:\WINDOWS\system32\dwmapi.dll
0x00007ffdac0a0000 - 0x00007ffdac963000 	C:\WINDOWS\SYSTEM32\ig75icd64.dll
0x00007ffdd1840000 - 0x00007ffdd21d7000 	C:\WINDOWS\SYSTEM32\igdusc64.dll
0x00007ffdd3cd0000 - 0x00007ffdd3ce1000 	C:\WINDOWS\SYSTEM32\WTSAPI32.dll
0x00007ffdd22d0000 - 0x00007ffdd235d000 	C:\WINDOWS\SYSTEM32\mscms.dll
0x00007ffdc4f60000 - 0x00007ffdc4fa1000 	C:\WINDOWS\SYSTEM32\icm32.dll
0x00007ffdd5230000 - 0x00007ffdd5287000 	C:\WINDOWS\SYSTEM32\WINSTA.dll
0x0000000066bc0000 - 0x0000000066c7b000 	C:\Users\David\AppData\Local\Temp\libgdxDavid\359c7c96\gdx-box2d64.dll
0x00007ffdd0340000 - 0x00007ffdd04c8000 	C:\WINDOWS\SYSTEM32\dbghelp.dll

VM Arguments:
jvm_args: -Dfile.encoding=Cp1252 
java_command: com.yoyo.dookin.desktop.DesktopLauncher
java_class_path (initial): C:\Users\David\Documents\Lib_GDX\desktop\bin;C:\Users\David\.gradle\caches\modules-2\files-2.1\com.badlogicgames.gdx\gdx-backend-lwjgl\1.5.3\1dac61f666ee49787b623de5ac006245a06572b1\gdx-backend-lwjgl-1.5.3.jar;C:\Users\David\.gradle\caches\modules-2\files-2.1\com.badlogicgames.gdx\gdx-box2d-platform\1.5.3\b9d5a20438a0dd1270109e87ce160087bf8f4be8\gdx-box2d-platform-1.5.3-natives-desktop.jar;C:\Users\David\.gradle\caches\modules-2\files-2.1\com.badlogicgames.gdx\gdx-platform\1.5.3\ca6446f72f86f99ae181da5d327094aa758f2023\gdx-platform-1.5.3-natives-desktop.jar;C:\Users\David\.gradle\caches\modules-2\files-2.1\com.badlogicgames.gdx\gdx\1.5.3\3b8f2a7e697b097735ec8fd2b9d576d0959cb7c9\gdx-1.5.3.jar;C:\Users\David\.gradle\caches\modules-2\files-2.1\com.badlogicgames.jlayer\jlayer\1.0.1-gdx\7cca83cec5c1b2f011362f4d85aabd71a73b049d\jlayer-1.0.1-gdx.jar;C:\Users\David\.gradle\caches\modules-2\files-2.1\net.java.jinput\jinput-platform\2.0.5\385ee093e01f587f30ee1c8a2ee7d408fd732e16\jinput-platform-2.0.5-natives-windows.jar;C:\Users\David\.gradle\caches\modules-2\files-2.1\net.java.jinput\jinput-platform\2.0.5\53f9c919f34d2ca9de8c51fc4e1e8282029a9232\jinput-platform-2.0.5-natives-osx.jar;C:\Users\David\.gradle\caches\modules-2\files-2.1\net.java.jinput\jinput-platform\2.0.5\7ff832a6eb9ab6a767f1ade2b548092d0fa64795\jinput-platform-2.0.5-natives-linux.jar;C:\Users\David\.gradle\caches\modules-2\files-2.1\net.java.jinput\jinput\2.0.5\39c7796b469a600f72380316f6b1f11db6c2c7c4\jinput-2.0.5.jar;C:\Users\David\.gradle\caches\modules-2\files-2.1\net.java.jutils\jutils\1.0.0\e12fe1fda814bd348c1579329c86943d2cd3c6a6\jutils-1.0.0.jar;C:\Users\David\.gradle\caches\modules-2\files-2.1\org.jcraft\jorbis\0.0.17\8872d22b293e8f5d7d56ff92be966e6dc28ebdc6\jorbis-0.0.17.jar;C:\Users\David\.gradle\caches\modules-2\files-2.1\org.lwjgl.lwjgl\lwjgl-platform\2.9.2\510c7d317f5e9e700b9cfaac5fd38bdebf0702e0\lwjgl-platform-2.9.2-natives-windows.jar;C:\Users\David\.gradle\caches\mo
Launcher Type: SUN_STANDARD

Environment Variables:
PATH=C:/Program Files/Java/jre1.8.0_25/bin/server;C:/Program Files/Java/jre1.8.0_25/bin;C:/Program Files/Java/jre1.8.0_25/lib/amd64;C:\Program Files (x86)\NVIDIA Corporation\PhysX\Common;C:\ProgramData\Oracle\Java\javapath;C:\Program Files (x86)\Intel\iCLS Client\;C:\Program Files\Intel\iCLS Client\;C:\WINDOWS\system32;C:\WINDOWS;C:\WINDOWS\System32\Wbem;C:\WINDOWS\System32\WindowsPowerShell\v1.0\;C:\Program Files (x86)\Windows Live\Shared;C:\Program Files (x86)\QuickTime\QTSystem\;C:\Program Files (x86)\Windows Kits\8.1\Windows Performance Toolkit\;C:\Program Files\Microsoft SQL Server\110\Tools\Binn\;C:\Program Files (x86)\Microsoft SDKs\TypeScript\1.0\;C:\Program Files\Microsoft SQL Server\120\Tools\Binn\;C:\Program Files\nodejs\;C:\Users\David\AppData\Roaming\npm;C:\Users\David\Documents\Eclipse;
USERNAME=David
OS=Windows_NT
PROCESSOR_IDENTIFIER=Intel64 Family 6 Model 60 Stepping 3, GenuineIntel



---------------  S Y S T E M  ---------------

OS: Windows 8.1 , 64 bit Build 9600 

CPU:total 8 (4 cores per cpu, 2 threads per core) family 6 model 60 stepping 3, cmov, cx8, fxsr, mmx, sse, sse2, sse3, ssse3, sse4.1, sse4.2, popcnt, avx, avx2, aes, clmul, erms, rtm, lzcnt, ht, tsc, tscinvbit, bmi1, bmi2

Memory: 4k page, physical 16587788k(12788548k free), swap 19078156k(14177092k free)

vm_info: Java HotSpot(TM) 64-Bit Server VM (25.25-b02) for windows-amd64 JRE (1.8.0_25-b18), built on Oct  7 2014 14:25:37 by "java_re" with MS VC++ 10.0 (VS2010)

time: Sun Feb 08 18:08:38 2015
elapsed time: 0 seconds (0d 0h 0m 0s)

