#
# A fatal error has been detected by the Java Runtime Environment:
#
#  EXCEPTION_ACCESS_VIOLATION (0xc0000005) at pc=0x0000000066be2430, pid=7844, tid=5892
#
# JRE version: Java(TM) SE Runtime Environment (8.0_25-b18) (build 1.8.0_25-b18)
# Java VM: Java HotSpot(TM) 64-Bit Server VM (25.25-b02 mixed mode windows-amd64 compressed oops)
# Problematic frame:
# C  [gdx-box2d64.dll+0x22430]
#
# Failed to write core dump. Minidumps are not enabled by default on client versions of Windows
#
# If you would like to submit a bug report, please visit:
#   http://bugreport.sun.com/bugreport/crash.jsp
# The crash happened outside the Java Virtual Machine in native code.
# See problematic frame for where to report the bug.
#

---------------  T H R E A D  ---------------

Current thread (0x000000001ebec800):  JavaThread "LWJGL Application" [_thread_in_native, id=5892, stack(0x000000001fbc0000,0x000000001fcc0000)]

siginfo: ExceptionCode=0xc0000005, writing address 0x0000000023d59388

Registers:
RAX=0x0000000066c1c8b0, RBX=0x0000000023d40080, RCX=0x0000000023d40080, RDX=0x000000001fcbec20
RSP=0x000000001fcbebf8, RBP=0x000000001fcbed18, RSI=0x0000000000000128, RDI=0x0000000002347a2d
R8 =0x0000000023d40080, R9 =0x000000001ebf08d0, R10=0x0000000002355b48, R11=0x000000006ffe2810
R12=0x0000000000000000, R13=0x000000001b916d10, R14=0x000000001fcbed60, R15=0x000000001ebec800
RIP=0x0000000066be2430, EFLAGS=0x0000000000010206

Top of Stack: (sp=0x000000001fcbebf8)
0x000000001fcbebf8:   0000000066be8fa9 000000001fcbf248
0x000000001fcbec08:   000000001dcc0f70 00000000000003d8
0x000000001fcbec18:   000000001dcc0f80 0000000066c1c830
0x000000001fcbec28:   000000001ebec9e8 000000001fcbed60
0x000000001fcbec38:   000000001ebec800 0000000066c1c8b0
0x000000001fcbec48:   000000001ebec9e8 000000001fcbed60
0x000000001fcbec58:   000000001ebec800 000000003ec40000
0x000000001fcbec68:   0000000000000000 000000001b916d10
0x000000001fcbec78:   0000000002355b74 000000001fcbf248
0x000000001fcbec88:   000000001fcbed18 0000000000000128
0x000000001fcbec98:   0000000002347a2d 0000000000000008
0x000000001fcbeca8:   0000000000000003 000000001ebec800
0x000000001fcbecb8:   000000001b916d10 0000000000000128
0x000000001fcbecc8:   000000001ebec800 00000000023558a2
0x000000001fcbecd8:   000000001fcbecd8 000000001b916d10
0x000000001fcbece8:   000000001fcbed60 000000001b926bf8 

Instructions: (pc=0x0000000066be2430)
0x0000000066be2410:   28 c7 44 24 48 ff ff ff ff e8 52 18 01 00 90 90
0x0000000066be2420:   48 89 91 48 93 01 00 c3 0f 1f 84 00 00 00 00 00
0x0000000066be2430:   48 89 91 08 93 01 00 c3 0f 1f 84 00 00 00 00 00
0x0000000066be2440:   48 89 91 10 93 01 00 c3 0f 1f 84 00 00 00 00 00 


Register to memory mapping:

RAX=0x0000000066c1c8b0 is an unknown value
RBX=0x0000000023d40080 is an unknown value
RCX=0x0000000023d40080 is an unknown value
RDX=0x000000001fcbec20 is pointing into the stack for thread: 0x000000001ebec800
RSP=0x000000001fcbebf8 is pointing into the stack for thread: 0x000000001ebec800
RBP=0x000000001fcbed18 is pointing into the stack for thread: 0x000000001ebec800
RSI=0x0000000000000128 is an unknown value
RDI=0x0000000002347a2d is at code_begin+2093 in an Interpreter codelet
invoke return entry points  [0x0000000002347200, 0x0000000002347b00]  2304 bytes
R8 =0x0000000023d40080 is an unknown value
R9 =0x000000001ebf08d0 is an unknown value
R10=0x0000000002355b48 is at code_begin+840 in an Interpreter codelet
method entry point (kind = native)  [0x0000000002355800, 0x0000000002356160]  2400 bytes
R11=0x000000006ffe2810 is an unknown value
R12=0x0000000000000000 is an unknown value
R13={method} {0x000000001b916d18} 'jniStep' '(JFII)V' in 'com/badlogic/gdx/physics/box2d/World'
R14=0x000000001fcbed60 is pointing into the stack for thread: 0x000000001ebec800
R15=0x000000001ebec800 is a thread


Stack: [0x000000001fbc0000,0x000000001fcc0000],  sp=0x000000001fcbebf8,  free space=1018k
Native frames: (J=compiled Java code, j=interpreted, Vv=VM code, C=native code)
C  [gdx-box2d64.dll+0x22430]
C  [gdx-box2d64.dll+0x28fa9]
C  0x0000000002355b74

Java frames: (J=compiled Java code, j=interpreted, Vv=VM code)
j  com.badlogic.gdx.physics.box2d.World.jniStep(JFII)V+0
j  com.badlogic.gdx.physics.box2d.World.step(FII)V+8
j  com.yoyo.dookin.Splash.render(F)V+32
j  com.badlogic.gdx.Game.render()V+19
j  com.yoyo.dookin.GameProject.render()V+1
j  com.badlogic.gdx.backends.lwjgl.LwjglApplication.mainLoop()V+684
j  com.badlogic.gdx.backends.lwjgl.LwjglApplication$1.run()V+27
v  ~StubRoutines::call_stub

---------------  P R O C E S S  ---------------

Java Threads: ( => current thread )
  0x000000001ef55800 JavaThread "LWJGL Timer" daemon [_thread_blocked, id=6980, stack(0x0000000023c40000,0x0000000023d40000)]
  0x000000000213e800 JavaThread "DestroyJavaVM" [_thread_blocked, id=1932, stack(0x0000000002140000,0x0000000002240000)]
=>0x000000001ebec800 JavaThread "LWJGL Application" [_thread_in_native, id=5892, stack(0x000000001fbc0000,0x000000001fcc0000)]
  0x000000001dd55800 JavaThread "Service Thread" daemon [_thread_blocked, id=5528, stack(0x000000001e690000,0x000000001e790000)]
  0x000000001dccd800 JavaThread "C1 CompilerThread3" daemon [_thread_blocked, id=5236, stack(0x000000001e590000,0x000000001e690000)]
  0x000000001dccb800 JavaThread "C2 CompilerThread2" daemon [_thread_blocked, id=7368, stack(0x000000001e490000,0x000000001e590000)]
  0x000000001dcba000 JavaThread "C2 CompilerThread1" daemon [_thread_blocked, id=6224, stack(0x000000001e390000,0x000000001e490000)]
  0x000000001dcb7000 JavaThread "C2 CompilerThread0" daemon [_thread_blocked, id=7540, stack(0x000000001e290000,0x000000001e390000)]
  0x000000001dcb5800 JavaThread "Attach Listener" daemon [_thread_blocked, id=7304, stack(0x000000001e190000,0x000000001e290000)]
  0x000000001dcb4800 JavaThread "Signal Dispatcher" daemon [_thread_blocked, id=3456, stack(0x000000001e090000,0x000000001e190000)]
  0x0000000002337000 JavaThread "Finalizer" daemon [_thread_blocked, id=6004, stack(0x000000001db90000,0x000000001dc90000)]
  0x000000001bcac000 JavaThread "Reference Handler" daemon [_thread_blocked, id=7176, stack(0x000000001da90000,0x000000001db90000)]

Other Threads:
  0x000000001bca8000 VMThread [stack: 0x000000001d990000,0x000000001da90000] [id=2460]
  0x000000001dd57800 WatcherThread [stack: 0x000000001e790000,0x000000001e890000] [id=7668]

VM state:not at safepoint (normal execution)

VM Mutex/Monitor currently owned by a thread: None

Heap:
 PSYoungGen      total 75776K, used 22473K [0x000000076ba00000, 0x0000000770e80000, 0x00000007c0000000)
  eden space 65024K, 34% used [0x000000076ba00000,0x000000076cff2698,0x000000076f980000)
  from space 10752K, 0% used [0x0000000770400000,0x0000000770400000,0x0000000770e80000)
  to   space 10752K, 0% used [0x000000076f980000,0x000000076f980000,0x0000000770400000)
 ParOldGen       total 173568K, used 0K [0x00000006c2e00000, 0x00000006cd780000, 0x000000076ba00000)
  object space 173568K, 0% used [0x00000006c2e00000,0x00000006c2e00000,0x00000006cd780000)
 Metaspace       used 7731K, capacity 7843K, committed 7936K, reserved 1056768K
  class space    used 726K, capacity 752K, committed 768K, reserved 1048576K

Card table byte_map: [0x0000000011700000,0x0000000011ef0000] byte_map_base: 0x000000000e0e9000

Marking Bits: (ParMarkBitMap*) 0x00000000705ad490
 Begin Bits: [0x0000000012c40000, 0x0000000016b88000)
 End Bits:   [0x0000000016b88000, 0x000000001aad0000)

Polling page: 0x00000000008b0000

CodeCache: size=245760Kb used=3200Kb max_used=3200Kb free=242559Kb
 bounds [0x0000000002340000, 0x0000000002670000, 0x0000000011340000]
 total_blobs=1221 nmethods=724 adapters=411
 compilation: enabled

Compilation events (10 events):
Event: 2.302 Thread 0x000000001dccd800  719       3       com.badlogic.gdx.utils.ObjectMap::containsKeyStash (44 bytes)
Event: 2.302 Thread 0x000000001dccd800 nmethod 719 0x0000000002642dd0 code [0x0000000002642f60, 0x00000000026432c8]
Event: 2.302 Thread 0x000000001dccd800  720       3       com.badlogic.gdx.graphics.g2d.freetype.FreeType$Glyph::dispose (8 bytes)
Event: 2.302 Thread 0x000000001dccd800 nmethod 720 0x0000000002643450 code [0x00000000026435c0, 0x0000000002643748]
Event: 2.302 Thread 0x000000001dccd800  723       3       com.badlogic.gdx.utils.ObjectMap::containsKey (71 bytes)
Event: 2.302 Thread 0x000000001dccd800 nmethod 723 0x00000000026437d0 code [0x00000000026439a0, 0x0000000002644088]
Event: 2.302 Thread 0x000000001dccd800  722       3       com.badlogic.gdx.math.Rectangle::<init> (37 bytes)
Event: 2.302 Thread 0x000000001dccd800 nmethod 722 0x0000000002644390 code [0x0000000002644500, 0x00000000026446f0]
Event: 2.305 Thread 0x000000001dccd800  724 % !   3       com.badlogic.gdx.graphics.g2d.freetype.FreeTypeFontGenerator::generateData @ 1626 (1874 bytes)
Event: 2.319 Thread 0x000000001dccd800 nmethod 724% 0x00000000026447d0 code [0x0000000002645d60, 0x0000000002653a68]

GC Heap History (0 events):
No events

Deoptimization events (0 events):
No events

Internal exceptions (10 events):
Event: 2.248 Thread 0x000000001ebec800 Exception <a 'java/security/PrivilegedActionException'> (0x000000076cd9bb80) thrown at [D:\re\workspace\8-2-build-windows-amd64-cygwin\jdk8u25\1677\hotspot\src\share\vm\prims\jvm.cpp, line 1312]
Event: 2.250 Thread 0x000000001ebec800 Exception <a 'java/security/PrivilegedActionException'> (0x000000076cdaade8) thrown at [D:\re\workspace\8-2-build-windows-amd64-cygwin\jdk8u25\1677\hotspot\src\share\vm\prims\jvm.cpp, line 1312]
Event: 2.251 Thread 0x000000001ebec800 Exception <a 'java/security/PrivilegedActionException'> (0x000000076cdb1d40) thrown at [D:\re\workspace\8-2-build-windows-amd64-cygwin\jdk8u25\1677\hotspot\src\share\vm\prims\jvm.cpp, line 1312]
Event: 2.251 Thread 0x000000001ebec800 Exception <a 'java/security/PrivilegedActionException'> (0x000000076cdb7088) thrown at [D:\re\workspace\8-2-build-windows-amd64-cygwin\jdk8u25\1677\hotspot\src\share\vm\prims\jvm.cpp, line 1312]
Event: 2.252 Thread 0x000000001ebec800 Exception <a 'java/security/PrivilegedActionException'> (0x000000076cdbc338) thrown at [D:\re\workspace\8-2-build-windows-amd64-cygwin\jdk8u25\1677\hotspot\src\share\vm\prims\jvm.cpp, line 1312]
Event: 2.252 Thread 0x000000001ebec800 Exception <a 'java/security/PrivilegedActionException'> (0x000000076cdc4988) thrown at [D:\re\workspace\8-2-build-windows-amd64-cygwin\jdk8u25\1677\hotspot\src\share\vm\prims\jvm.cpp, line 1312]
Event: 2.253 Thread 0x000000001ebec800 Exception <a 'java/security/PrivilegedActionException'> (0x000000076cdcc948) thrown at [D:\re\workspace\8-2-build-windows-amd64-cygwin\jdk8u25\1677\hotspot\src\share\vm\prims\jvm.cpp, line 1312]
Event: 2.253 Thread 0x000000001ebec800 Exception <a 'java/security/PrivilegedActionException'> (0x000000076cdd1c80) thrown at [D:\re\workspace\8-2-build-windows-amd64-cygwin\jdk8u25\1677\hotspot\src\share\vm\prims\jvm.cpp, line 1312]
Event: 2.256 Thread 0x000000001ebec800 Exception <a 'java/security/PrivilegedActionException'> (0x000000076ce69ce8) thrown at [D:\re\workspace\8-2-build-windows-amd64-cygwin\jdk8u25\1677\hotspot\src\share\vm\prims\jvm.cpp, line 1312]
Event: 2.256 Thread 0x000000001ebec800 Exception <a 'java/security/PrivilegedActionException'> (0x000000076ce6fa70) thrown at [D:\re\workspace\8-2-build-windows-amd64-cygwin\jdk8u25\1677\hotspot\src\share\vm\prims\jvm.cpp, line 1312]

Events (10 events):
Event: 2.252 loading class box2dLight/Light
Event: 2.252 loading class box2dLight/Light done
Event: 2.253 loading class com/badlogic/gdx/physics/box2d/RayCastCallback
Event: 2.253 loading class com/badlogic/gdx/physics/box2d/RayCastCallback done
Event: 2.253 loading class box2dLight/Light$1
Event: 2.253 loading class box2dLight/Light$1 done
Event: 2.256 loading class com/badlogic/gdx/InputMultiplexer
Event: 2.256 loading class com/badlogic/gdx/InputMultiplexer done
Event: 2.256 loading class com/yoyo/dookin/Splash$2
Event: 2.256 loading class com/yoyo/dookin/Splash$2 done


Dynamic libraries:
0x00007ff6f91e0000 - 0x00007ff6f9214000 	C:\Program Files\Java\jre1.8.0_25\bin\javaw.exe
0x00007ff9c4fb0000 - 0x00007ff9c515c000 	C:\WINDOWS\SYSTEM32\ntdll.dll
0x00007ff9c4250000 - 0x00007ff9c438a000 	C:\WINDOWS\system32\KERNEL32.DLL
0x00007ff9c24f0000 - 0x00007ff9c25ff000 	C:\WINDOWS\system32\KERNELBASE.dll
0x00007ff9c0f30000 - 0x00007ff9c0fb8000 	C:\WINDOWS\system32\apphelp.dll
0x00007ff9b2b90000 - 0x00007ff9b2bdf000 	C:\WINDOWS\AppPatch\AppPatch64\AcGenral.DLL
0x00007ff9c4b70000 - 0x00007ff9c4c17000 	C:\WINDOWS\system32\msvcrt.dll
0x00007ff9c2160000 - 0x00007ff9c218b000 	C:\WINDOWS\SYSTEM32\SspiCli.dll
0x00007ff9c4100000 - 0x00007ff9c4151000 	C:\WINDOWS\system32\SHLWAPI.dll
0x00007ff9c4e10000 - 0x00007ff9c4f81000 	C:\WINDOWS\system32\USER32.dll
0x00007ff9c4790000 - 0x00007ff9c4908000 	C:\WINDOWS\system32\ole32.dll
0x00007ff9c28a0000 - 0x00007ff9c3caf000 	C:\WINDOWS\system32\SHELL32.dll
0x00007ff9c1970000 - 0x00007ff9c198e000 	C:\WINDOWS\SYSTEM32\USERENV.dll
0x00007ff9c4ac0000 - 0x00007ff9c4b65000 	C:\WINDOWS\system32\ADVAPI32.dll
0x00007ff9af3c0000 - 0x00007ff9af3db000 	C:\WINDOWS\SYSTEM32\MPR.dll
0x00007ff9c4650000 - 0x00007ff9c4787000 	C:\WINDOWS\system32\RPCRT4.dll
0x00007ff9c4a60000 - 0x00007ff9c4ab7000 	C:\WINDOWS\SYSTEM32\sechost.dll
0x00007ff9c3f20000 - 0x00007ff9c40f6000 	C:\WINDOWS\SYSTEM32\combase.dll
0x00007ff9c4910000 - 0x00007ff9c4a54000 	C:\WINDOWS\system32\GDI32.dll
0x00007ff9c2320000 - 0x00007ff9c2334000 	C:\WINDOWS\SYSTEM32\profapi.dll
0x00007ff9c0920000 - 0x00007ff9c09bf000 	C:\WINDOWS\SYSTEM32\SHCORE.dll
0x00007ff9c4160000 - 0x00007ff9c4194000 	C:\WINDOWS\system32\IMM32.DLL
0x00007ff9c3cb0000 - 0x00007ff9c3de9000 	C:\WINDOWS\system32\MSCTF.dll
0x00007ff9c0120000 - 0x00007ff9c037a000 	C:\WINDOWS\WinSxS\amd64_microsoft.windows.common-controls_6595b64144ccf1df_6.0.9600.17031_none_6242a4b3ecbb55a1\COMCTL32.dll
0x000000006fc20000 - 0x000000006fcf2000 	C:\Program Files\Java\jre1.8.0_25\bin\msvcr100.dll
0x000000006fdd0000 - 0x000000007062a000 	C:\Program Files\Java\jre1.8.0_25\bin\server\jvm.dll
0x00007ff9bd570000 - 0x00007ff9bd579000 	C:\WINDOWS\SYSTEM32\WSOCK32.dll
0x00007ff9bf300000 - 0x00007ff9bf31f000 	C:\WINDOWS\SYSTEM32\WINMM.dll
0x00007ff9c4640000 - 0x00007ff9c4647000 	C:\WINDOWS\system32\PSAPI.DLL
0x00007ff9c2840000 - 0x00007ff9c2898000 	C:\WINDOWS\system32\WS2_32.dll
0x00007ff9bffc0000 - 0x00007ff9bffea000 	C:\WINDOWS\SYSTEM32\WINMMBASE.dll
0x00007ff9c43f0000 - 0x00007ff9c43f9000 	C:\WINDOWS\system32\NSI.dll
0x00007ff9c2600000 - 0x00007ff9c264a000 	C:\WINDOWS\SYSTEM32\cfgmgr32.dll
0x00007ff9c11a0000 - 0x00007ff9c11c6000 	C:\WINDOWS\SYSTEM32\DEVOBJ.dll
0x000000006fdc0000 - 0x000000006fdcf000 	C:\Program Files\Java\jre1.8.0_25\bin\verify.dll
0x000000006fd90000 - 0x000000006fdb8000 	C:\Program Files\Java\jre1.8.0_25\bin\java.dll
0x000000006fd70000 - 0x000000006fd86000 	C:\Program Files\Java\jre1.8.0_25\bin\zip.dll
0x0000000065580000 - 0x0000000065616000 	C:\Users\David\AppData\Local\Temp\libgdxDavid\f5fe0902\gdx64.dll
0x00007ff9c1c20000 - 0x00007ff9c1c3e000 	C:\WINDOWS\SYSTEM32\CRYPTSP.dll
0x00007ff9c1860000 - 0x00007ff9c1895000 	C:\WINDOWS\system32\rsaenh.dll
0x00007ff9c1e60000 - 0x00007ff9c1e86000 	C:\WINDOWS\SYSTEM32\bcrypt.dll
0x00007ff9c2190000 - 0x00007ff9c21f0000 	C:\WINDOWS\system32\bcryptprimitives.dll
0x00007ff9c21f0000 - 0x00007ff9c21fa000 	C:\WINDOWS\SYSTEM32\CRYPTBASE.dll
0x000000006fd50000 - 0x000000006fd6a000 	C:\Program Files\Java\jre1.8.0_25\bin\net.dll
0x00007ff9c1bc0000 - 0x00007ff9c1c18000 	C:\WINDOWS\system32\mswsock.dll
0x00007ff9bbc60000 - 0x00007ff9bbc89000 	C:\WINDOWS\SYSTEM32\IPHLPAPI.DLL
0x00007ff9bbc40000 - 0x00007ff9bbc4a000 	C:\WINDOWS\SYSTEM32\WINNSI.DLL
0x00007ff9bb730000 - 0x00007ff9bb744000 	C:\WINDOWS\SYSTEM32\dhcpcsvc6.DLL
0x00007ff9bb910000 - 0x00007ff9bb929000 	C:\WINDOWS\SYSTEM32\dhcpcsvc.DLL
0x000000006fd30000 - 0x000000006fd41000 	C:\Program Files\Java\jre1.8.0_25\bin\nio.dll
0x0000000180000000 - 0x0000000180053000 	C:\Users\David\AppData\Local\Temp\libgdxDavid\dc0f0009\lwjgl64.dll
0x00007ff9a9fd0000 - 0x00007ff9aa0f1000 	C:\WINDOWS\SYSTEM32\OPENGL32.dll
0x00007ff9bf320000 - 0x00007ff9bf32a000 	C:\WINDOWS\SYSTEM32\VERSION.dll
0x00007ff9a9fa0000 - 0x00007ff9a9fcc000 	C:\WINDOWS\SYSTEM32\GLU32.dll
0x00007ff9a9ea0000 - 0x00007ff9a9f94000 	C:\WINDOWS\SYSTEM32\DDRAW.dll
0x00007ff9a9e90000 - 0x00007ff9a9e99000 	C:\WINDOWS\SYSTEM32\DCIMAN32.dll
0x000000001f370000 - 0x000000001f3d4000 	C:\Users\David\AppData\Local\Temp\libgdxDavid\dc0f0009\OpenAL64.dll
0x00007ff9c11d0000 - 0x00007ff9c11da000 	C:\WINDOWS\SYSTEM32\kernel.appcore.dll
0x00007ff9c1000000 - 0x00007ff9c1121000 	C:\WINDOWS\system32\uxtheme.dll
0x00007ff9c41a0000 - 0x00007ff9c4244000 	C:\WINDOWS\SYSTEM32\clbcatq.dll
0x00007ff9b2530000 - 0x00007ff9b25b7000 	C:\WINDOWS\SYSTEM32\dsound.dll
0x00007ff9c22c0000 - 0x00007ff9c2305000 	C:\WINDOWS\SYSTEM32\POWRPROF.dll
0x00007ff9bf730000 - 0x00007ff9bf792000 	C:\WINDOWS\System32\MMDevApi.dll
0x00007ff9ba3f0000 - 0x00007ff9ba46e000 	C:\WINDOWS\SYSTEM32\AUDIOSES.DLL
0x00007ff9c3e50000 - 0x00007ff9c3f11000 	C:\WINDOWS\system32\OLEAUT32.dll
0x00007ff9c0750000 - 0x00007ff9c0770000 	C:\WINDOWS\system32\dwmapi.dll
0x00007ff998c10000 - 0x00007ff9994d3000 	C:\WINDOWS\SYSTEM32\ig75icd64.dll
0x00007ff9bdc10000 - 0x00007ff9be5a7000 	C:\WINDOWS\SYSTEM32\igdusc64.dll
0x00007ff9c0f10000 - 0x00007ff9c0f21000 	C:\WINDOWS\SYSTEM32\WTSAPI32.dll
0x00007ff9bf330000 - 0x00007ff9bf3bd000 	C:\WINDOWS\SYSTEM32\mscms.dll
0x00007ff9bbd60000 - 0x00007ff9bbda1000 	C:\WINDOWS\SYSTEM32\icm32.dll
0x00007ff9c15b0000 - 0x00007ff9c1607000 	C:\WINDOWS\SYSTEM32\WINSTA.dll
0x000000006a740000 - 0x000000006a7e7000 	C:\Users\David\AppData\Local\Temp\libgdxDavid\ae0555b1\gdx-freetype64.dll
0x0000000066bc0000 - 0x0000000066c7b000 	C:\Users\David\AppData\Local\Temp\libgdxDavid\359c7c96\gdx-box2d64.dll
0x00007ff9a2930000 - 0x00007ff9a2ab8000 	C:\WINDOWS\SYSTEM32\dbghelp.dll

VM Arguments:
jvm_args: -Dfile.encoding=Cp1252 
java_command: com.yoyo.dookin.desktop.DesktopLauncher
java_class_path (initial): C:\Users\David\Documents\Lib_GDX\desktop\bin;C:\Users\David\.gradle\caches\modules-2\files-2.1\com.badlogicgames.gdx\gdx-backend-lwjgl\1.5.3\1dac61f666ee49787b623de5ac006245a06572b1\gdx-backend-lwjgl-1.5.3.jar;C:\Users\David\.gradle\caches\modules-2\files-2.1\com.badlogicgames.gdx\gdx-box2d-platform\1.5.3\b9d5a20438a0dd1270109e87ce160087bf8f4be8\gdx-box2d-platform-1.5.3-natives-desktop.jar;C:\Users\David\.gradle\caches\modules-2\files-2.1\com.badlogicgames.gdx\gdx-platform\1.5.3\ca6446f72f86f99ae181da5d327094aa758f2023\gdx-platform-1.5.3-natives-desktop.jar;C:\Users\David\.gradle\caches\modules-2\files-2.1\com.badlogicgames.gdx\gdx\1.5.3\3b8f2a7e697b097735ec8fd2b9d576d0959cb7c9\gdx-1.5.3.jar;C:\Users\David\.gradle\caches\modules-2\files-2.1\com.badlogicgames.jlayer\jlayer\1.0.1-gdx\7cca83cec5c1b2f011362f4d85aabd71a73b049d\jlayer-1.0.1-gdx.jar;C:\Users\David\.gradle\caches\modules-2\files-2.1\net.java.jinput\jinput-platform\2.0.5\385ee093e01f587f30ee1c8a2ee7d408fd732e16\jinput-platform-2.0.5-natives-windows.jar;C:\Users\David\.gradle\caches\modules-2\files-2.1\net.java.jinput\jinput-platform\2.0.5\53f9c919f34d2ca9de8c51fc4e1e8282029a9232\jinput-platform-2.0.5-natives-osx.jar;C:\Users\David\.gradle\caches\modules-2\files-2.1\net.java.jinput\jinput-platform\2.0.5\7ff832a6eb9ab6a767f1ade2b548092d0fa64795\jinput-platform-2.0.5-natives-linux.jar;C:\Users\David\.gradle\caches\modules-2\files-2.1\net.java.jinput\jinput\2.0.5\39c7796b469a600f72380316f6b1f11db6c2c7c4\jinput-2.0.5.jar;C:\Users\David\.gradle\caches\modules-2\files-2.1\net.java.jutils\jutils\1.0.0\e12fe1fda814bd348c1579329c86943d2cd3c6a6\jutils-1.0.0.jar;C:\Users\David\.gradle\caches\modules-2\files-2.1\org.jcraft\jorbis\0.0.17\8872d22b293e8f5d7d56ff92be966e6dc28ebdc6\jorbis-0.0.17.jar;C:\Users\David\.gradle\caches\modules-2\files-2.1\org.lwjgl.lwjgl\lwjgl-platform\2.9.2\510c7d317f5e9e700b9cfaac5fd38bdebf0702e0\lwjgl-platform-2.9.2-natives-windows.jar;C:\Users\David\.gradle\caches\mo
Launcher Type: SUN_STANDARD

Environment Variables:
PATH=C:/Program Files/Java/jre1.8.0_25/bin/server;C:/Program Files/Java/jre1.8.0_25/bin;C:/Program Files/Java/jre1.8.0_25/lib/amd64;C:\Program Files (x86)\NVIDIA Corporation\PhysX\Common;C:\ProgramData\Oracle\Java\javapath;C:\Program Files (x86)\Intel\iCLS Client\;C:\Program Files\Intel\iCLS Client\;C:\WINDOWS\system32;C:\WINDOWS;C:\WINDOWS\System32\Wbem;C:\WINDOWS\System32\WindowsPowerShell\v1.0\;C:\Program Files (x86)\Windows Live\Shared;C:\Program Files (x86)\QuickTime\QTSystem\;C:\Program Files (x86)\Windows Kits\8.1\Windows Performance Toolkit\;C:\Program Files\Microsoft SQL Server\110\Tools\Binn\;C:\Program Files (x86)\Microsoft SDKs\TypeScript\1.0\;C:\Program Files\Microsoft SQL Server\120\Tools\Binn\;C:\Program Files\nodejs\;C:\Users\David\AppData\Roaming\npm;C:\Users\David\Documents\Eclipse;
USERNAME=David
OS=Windows_NT
PROCESSOR_IDENTIFIER=Intel64 Family 6 Model 60 Stepping 3, GenuineIntel



---------------  S Y S T E M  ---------------

OS: Windows 8.1 , 64 bit Build 9600 

CPU:total 8 (4 cores per cpu, 2 threads per core) family 6 model 60 stepping 3, cmov, cx8, fxsr, mmx, sse, sse2, sse3, ssse3, sse4.1, sse4.2, popcnt, avx, avx2, aes, clmul, erms, rtm, lzcnt, ht, tsc, tscinvbit, bmi1, bmi2

Memory: 4k page, physical 16587788k(12949256k free), swap 19078156k(14457764k free)

vm_info: Java HotSpot(TM) 64-Bit Server VM (25.25-b02) for windows-amd64 JRE (1.8.0_25-b18), built on Oct  7 2014 14:25:37 by "java_re" with MS VC++ 10.0 (VS2010)

time: Fri Feb 13 22:01:53 2015
elapsed time: 2 seconds (0d 0h 0m 2s)

